[    0.000000] Linux version 4.15.0-159-generic (buildd@lgw01-amd64-055) (gcc version 7.5.0 (Ubuntu 7.5.0-3ubuntu1~18.04)) #167-Ubuntu SMP Tue Sep 21 08:55:05 UTC 2021 (Ubuntu 4.15.0-159.167-generic 4.15.18)
[    0.000000] Command line: BOOT_IMAGE=/boot/vmlinuz-4.15.0-159-generic root=LABEL=cloudimg-rootfs ro console=tty1 console=ttyS0
[    0.000000] KERNEL supported cpus:
[    0.000000]   Intel GenuineIntel
[    0.000000]   AMD AuthenticAMD
[    0.000000]   Centaur CentaurHauls
[    0.000000] x86/fpu: Supporting XSAVE feature 0x001: 'x87 floating point registers'
[    0.000000] x86/fpu: Supporting XSAVE feature 0x002: 'SSE registers'
[    0.000000] x86/fpu: Supporting XSAVE feature 0x004: 'AVX registers'
[    0.000000] x86/fpu: xstate_offset[2]:  576, xstate_sizes[2]:  256
[    0.000000] x86/fpu: Enabled xstate features 0x7, context size is 832 bytes, using 'standard' format.
[    0.000000] e820: BIOS-provided physical RAM map:
[    0.000000] BIOS-e820: [mem 0x0000000000000000-0x000000000009fbff] usable
[    0.000000] BIOS-e820: [mem 0x000000000009fc00-0x000000000009ffff] reserved
[    0.000000] BIOS-e820: [mem 0x00000000000f0000-0x00000000000fffff] reserved
[    0.000000] BIOS-e820: [mem 0x0000000000100000-0x000000003ffeffff] usable
[    0.000000] BIOS-e820: [mem 0x000000003fff0000-0x000000003fffffff] ACPI data
[    0.000000] BIOS-e820: [mem 0x00000000fec00000-0x00000000fec00fff] reserved
[    0.000000] BIOS-e820: [mem 0x00000000fee00000-0x00000000fee00fff] reserved
[    0.000000] BIOS-e820: [mem 0x00000000fffc0000-0x00000000ffffffff] reserved
[    0.000000] NX (Execute Disable) protection: active
[    0.000000] SMBIOS 2.5 present.
[    0.000000] DMI: innotek GmbH VirtualBox/VirtualBox, BIOS VirtualBox 12/01/2006
[    0.000000] Hypervisor detected: KVM
[    0.000000] e820: last_pfn = 0x3fff0 max_arch_pfn = 0x400000000
[    0.000000] MTRR: Disabled
[    0.000000] x86/PAT: MTRRs disabled, skipping PAT initialization too.
[    0.000000] CPU MTRRs all blank - virtualized system.
[    0.000000] x86/PAT: Configuration [0-7]: WB  WT  UC- UC  WB  WT  UC- UC  
[    0.000000] found SMP MP-table at [mem 0x0009fff0-0x0009ffff]
[    0.000000] Scanning 1 areas for low memory corruption
[    0.000000] RAMDISK: [mem 0x359cb000-0x36cdcfff]
[    0.000000] ACPI: Early table checksum verification disabled
[    0.000000] ACPI: RSDP 0x00000000000E0000 000024 (v02 VBOX  )
[    0.000000] ACPI: XSDT 0x000000003FFF0030 00003C (v01 VBOX   VBOXXSDT 00000001 ASL  00000061)
[    0.000000] ACPI: FACP 0x000000003FFF00F0 0000F4 (v04 VBOX   VBOXFACP 00000001 ASL  00000061)
[    0.000000] ACPI: DSDT 0x000000003FFF0470 002325 (v02 VBOX   VBOXBIOS 00000002 INTL 20190509)
[    0.000000] ACPI: FACS 0x000000003FFF0200 000040
[    0.000000] ACPI: FACS 0x000000003FFF0200 000040
[    0.000000] ACPI: APIC 0x000000003FFF0240 00005C (v02 VBOX   VBOXAPIC 00000001 ASL  00000061)
[    0.000000] ACPI: SSDT 0x000000003FFF02A0 0001CC (v01 VBOX   VBOXCPUT 00000002 INTL 20190509)
[    0.000000] ACPI: Reserving FACP table memory at [mem 0x3fff00f0-0x3fff01e3]
[    0.000000] ACPI: Reserving DSDT table memory at [mem 0x3fff0470-0x3fff2794]
[    0.000000] ACPI: Reserving FACS table memory at [mem 0x3fff0200-0x3fff023f]
[    0.000000] ACPI: Reserving FACS table memory at [mem 0x3fff0200-0x3fff023f]
[    0.000000] ACPI: Reserving APIC table memory at [mem 0x3fff0240-0x3fff029b]
[    0.000000] ACPI: Reserving SSDT table memory at [mem 0x3fff02a0-0x3fff046b]
[    0.000000] No NUMA configuration found
[    0.000000] Faking a node at [mem 0x0000000000000000-0x000000003ffeffff]
[    0.000000] NODE_DATA(0) allocated [mem 0x3ffc5000-0x3ffeffff]
[    0.000000] kvm-clock: cpu 0, msr 0:3ff44001, primary cpu clock
[    0.000000] kvm-clock: Using msrs 4b564d01 and 4b564d00
[    0.000000] kvm-clock: using sched offset of 3568568472 cycles
[    0.000000] clocksource: kvm-clock: mask: 0xffffffffffffffff max_cycles: 0x1cd42e4dffb, max_idle_ns: 881590591483 ns
[    0.000000] Zone ranges:
[    0.000000]   DMA      [mem 0x0000000000001000-0x0000000000ffffff]
[    0.000000]   DMA32    [mem 0x0000000001000000-0x000000003ffeffff]
[    0.000000]   Normal   empty
[    0.000000]   Device   empty
[    0.000000] Movable zone start for each node
[    0.000000] Early memory node ranges
[    0.000000]   node   0: [mem 0x0000000000001000-0x000000000009efff]
[    0.000000]   node   0: [mem 0x0000000000100000-0x000000003ffeffff]
[    0.000000] Reserved but unavailable: 104 pages
[    0.000000] Initmem setup node 0 [mem 0x0000000000001000-0x000000003ffeffff]
[    0.000000] ACPI: PM-Timer IO Port: 0x4008
[    0.000000] IOAPIC[0]: apic_id 2, version 32, address 0xfec00000, GSI 0-23
[    0.000000] ACPI: INT_SRC_OVR (bus 0 bus_irq 0 global_irq 2 dfl dfl)
[    0.000000] ACPI: INT_SRC_OVR (bus 0 bus_irq 9 global_irq 9 low level)
[    0.000000] Using ACPI (MADT) for SMP configuration information
[    0.000000] smpboot: Allowing 2 CPUs, 0 hotplug CPUs
[    0.000000] PM: Registered nosave memory: [mem 0x00000000-0x00000fff]
[    0.000000] PM: Registered nosave memory: [mem 0x0009f000-0x0009ffff]
[    0.000000] PM: Registered nosave memory: [mem 0x000a0000-0x000effff]
[    0.000000] PM: Registered nosave memory: [mem 0x000f0000-0x000fffff]
[    0.000000] e820: [mem 0x40000000-0xfebfffff] available for PCI devices
[    0.000000] Booting paravirtualized kernel on KVM
[    0.000000] clocksource: refined-jiffies: mask: 0xffffffff max_cycles: 0xffffffff, max_idle_ns: 7645519600211568 ns
[    0.000000] random: get_random_bytes called from start_kernel+0x99/0x500 with crng_init=0
[    0.000000] setup_percpu: NR_CPUS:8192 nr_cpumask_bits:2 nr_cpu_ids:2 nr_node_ids:1
[    0.000000] percpu: Embedded 45 pages/cpu s147456 r8192 d28672 u1048576
[    0.000000] PV qspinlock hash table entries: 256 (order: 0, 4096 bytes)
[    0.000000] Built 1 zonelists, mobility grouping on.  Total pages: 257913
[    0.000000] Policy zone: DMA32
[    0.000000] Kernel command line: BOOT_IMAGE=/boot/vmlinuz-4.15.0-159-generic root=LABEL=cloudimg-rootfs ro console=tty1 console=ttyS0
[    0.000000] Memory: 982708K/1048120K available (12300K kernel code, 2483K rwdata, 4320K rodata, 2448K init, 2724K bss, 65412K reserved, 0K cma-reserved)
[    0.000000] SLUB: HWalign=64, Order=0-3, MinObjects=0, CPUs=2, Nodes=1
[    0.000000] Kernel/User page tables isolation: enabled
[    0.000000] ftrace: allocating 39471 entries in 155 pages
[    0.004000] Hierarchical RCU implementation.
[    0.004000] 	RCU restricting CPUs from NR_CPUS=8192 to nr_cpu_ids=2.
[    0.004000] 	Tasks RCU enabled.
[    0.004000] RCU: Adjusting geometry for rcu_fanout_leaf=16, nr_cpu_ids=2
[    0.004000] NR_IRQS: 524544, nr_irqs: 440, preallocated irqs: 16
[    0.004000] Console: colour VGA+ 80x25
[    0.004000] console [tty1] enabled
[    0.004000] console [ttyS0] enabled
[    0.004000] ACPI: Core revision 20170831
[    0.004000] ACPI: 2 ACPI AML tables successfully acquired and loaded
[    0.004000] APIC: Switch to symmetric I/O mode setup
[    0.004000] x2apic enabled
[    0.004000] Switched APIC routing to physical x2apic.
[    0.004000] ..TIMER: vector=0x30 apic1=0 pin1=2 apic2=-1 pin2=-1
[    0.004005] tsc: Detected 1990.195 MHz processor
[    0.004707] Calibrating delay loop (skipped) preset value.. 3980.39 BogoMIPS (lpj=7960780)
[    0.005253] pid_max: default: 32768 minimum: 301
[    0.006041] Security Framework initialized
[    0.006673] Yama: becoming mindful.
[    0.008024] AppArmor: AppArmor initialized
[    0.009488] Dentry cache hash table entries: 131072 (order: 8, 1048576 bytes)
[    0.010558] Inode-cache hash table entries: 65536 (order: 7, 524288 bytes)
[    0.011611] Mount-cache hash table entries: 2048 (order: 2, 16384 bytes)
[    0.012006] Mountpoint-cache hash table entries: 2048 (order: 2, 16384 bytes)
[    0.013345] Last level iTLB entries: 4KB 64, 2MB 8, 4MB 8
[    0.014244] Last level dTLB entries: 4KB 64, 2MB 0, 4MB 0, 1GB 4
[    0.015134] Spectre V1 : Mitigation: usercopy/swapgs barriers and __user pointer sanitization
[    0.016003] Spectre V2 : Mitigation: Full generic retpoline
[    0.016832] Spectre V2 : Spectre v2 / SpectreRSB mitigation: Filling RSB on context switch
[    0.018035] Speculative Store Bypass: Vulnerable
[    0.018757] SRBDS: Unknown: Dependent on hypervisor status
[    0.020002] MDS: Mitigation: Clear CPU buffers
[    0.021914] Freeing SMP alternatives memory: 36K
[    0.136048] smpboot: CPU0: Intel(R) Core(TM) i7-8550U CPU @ 1.80GHz (family: 0x6, model: 0x8e, stepping: 0xa)
[    0.137462] Performance Events: unsupported p6 CPU model 142 no PMU driver, software events only.
[    0.138831] Hierarchical SRCU implementation.
[    0.140337] NMI watchdog: Perf event create on CPU 0 failed with -2
[    0.141270] NMI watchdog: Perf NMI watchdog permanently disabled
[    0.142394] smp: Bringing up secondary CPUs ...
[    0.143223] x86: Booting SMP configuration:
[    0.143889] .... node  #0, CPUs:      #1
[    0.004000] kvm-clock: cpu 1, msr 0:3ff44041, secondary cpu clock
[    0.147374] smp: Brought up 1 node, 2 CPUs
[    0.148005] smpboot: Max logical packages: 1
[    0.148779] smpboot: Total of 2 processors activated (7960.78 BogoMIPS)
[    0.150006] devtmpfs: initialized
[    0.150006] x86/mm: Memory block size: 128MB
[    0.152043] evm: security.selinux
[    0.152720] evm: security.SMACK64
[    0.153376] evm: security.SMACK64EXEC
[    0.154068] evm: security.SMACK64TRANSMUTE
[    0.154814] evm: security.SMACK64MMAP
[    0.155489] evm: security.apparmor
[    0.156003] evm: security.ima
[    0.156618] evm: security.capability
[    0.157400] clocksource: jiffies: mask: 0xffffffff max_cycles: 0xffffffff, max_idle_ns: 7645041785100000 ns
[    0.157719] futex hash table entries: 512 (order: 3, 32768 bytes)
[    0.160054] pinctrl core: initialized pinctrl subsystem
[    0.161648] RTC time:  4:58:52, date: 10/05/21
[    0.162614] NET: Registered protocol family 16
[    0.163496] audit: initializing netlink subsys (disabled)
[    0.164035] audit: type=2000 audit(1633409937.672:1): state=initialized audit_enabled=0 res=1
[    0.165307] cpuidle: using governor ladder
[    0.165307] cpuidle: using governor menu
[    0.168046] ACPI: bus type PCI registered
[    0.168794] acpiphp: ACPI Hot Plug PCI Controller Driver version: 0.5
[    0.170039] PCI: Using configuration type 1 for base access
[    0.172032] HugeTLB registered 2.00 MiB page size, pre-allocated 0 pages
[    0.173186] ACPI: Added _OSI(Module Device)
[    0.173186] ACPI: Added _OSI(Processor Device)
[    0.173713] ACPI: Added _OSI(3.0 _SCP Extensions)
[    0.176003] ACPI: Added _OSI(Processor Aggregator Device)
[    0.176940] ACPI: Added _OSI(Linux-Dell-Video)
[    0.177790] ACPI: Added _OSI(Linux-Lenovo-NV-HDMI-Audio)
[    0.178763] ACPI: Added _OSI(Linux-HPI-Hybrid-Graphics)
[    0.179965] ACPI: Executed 1 blocks of module-level executable AML code
[    0.184340] ACPI: Interpreter enabled
[    0.185043] ACPI: (supports S0 S5)
[    0.185679] ACPI: Using IOAPIC for interrupt routing
[    0.186793] PCI: Using host bridge windows from ACPI; if necessary, use "pci=nocrs" and report a bug
[    0.188166] ACPI: Enabled 2 GPEs in block 00 to 07
[    0.194178] ACPI: PCI Root Bridge [PCI0] (domain 0000 [bus 00-ff])
[    0.195157] acpi PNP0A03:00: _OSC: OS supports [ASPM ClockPM Segments MSI]
[    0.196440] acpi PNP0A03:00: _OSC: not requesting OS control; OS requires [ExtendedConfig ASPM ClockPM MSI]
[    0.198147] acpi PNP0A03:00: fail to add MMCONFIG information, can't access extended PCI configuration space under this bridge.
[    0.200345] PCI host bridge to bus 0000:00
[    0.201142] pci_bus 0000:00: root bus resource [io  0x0000-0x0cf7 window]
[    0.202349] pci_bus 0000:00: root bus resource [io  0x0d00-0xffff window]
[    0.203563] pci_bus 0000:00: root bus resource [mem 0x000a0000-0x000bffff window]
[    0.204003] pci_bus 0000:00: root bus resource [mem 0x40000000-0xfdffffff window]
[    0.205365] pci_bus 0000:00: root bus resource [bus 00-ff]
[    0.209587] pci 0000:00:01.1: legacy IDE quirk: reg 0x10: [io  0x01f0-0x01f7]
[    0.210769] pci 0000:00:01.1: legacy IDE quirk: reg 0x14: [io  0x03f6]
[    0.212004] pci 0000:00:01.1: legacy IDE quirk: reg 0x18: [io  0x0170-0x0177]
[    0.213329] pci 0000:00:01.1: legacy IDE quirk: reg 0x1c: [io  0x0376]
[    0.225157] pci 0000:00:07.0: quirk: [io  0x4000-0x403f] claimed by PIIX4 ACPI
[    0.226340] pci 0000:00:07.0: quirk: [io  0x4100-0x410f] claimed by PIIX4 SMB
[    0.232044] ACPI: PCI Interrupt Link [LNKA] (IRQs 5 9 10 *11)
[    0.233309] ACPI: PCI Interrupt Link [LNKB] (IRQs 5 9 *10 11)
[    0.234380] ACPI: PCI Interrupt Link [LNKC] (IRQs 5 *9 10 11)
[    0.236105] ACPI: PCI Interrupt Link [LNKD] (IRQs 5 9 10 *11)
[    0.237559] SCSI subsystem initialized
[    0.238354] pci 0000:00:02.0: vgaarb: setting as boot VGA device
[    0.238354] pci 0000:00:02.0: vgaarb: VGA device added: decodes=io+mem,owns=io+mem,locks=none
[    0.240012] pci 0000:00:02.0: vgaarb: bridge control possible
[    0.241030] vgaarb: loaded
[    0.241598] ACPI: bus type USB registered
[    0.242372] usbcore: registered new interface driver usbfs
[    0.244019] usbcore: registered new interface driver hub
[    0.244967] usbcore: registered new device driver usb
[    0.245916] EDAC MC: Ver: 3.0.0
[    0.245916] PCI: Using ACPI for IRQ routing
[    0.248239] NetLabel: Initializing
[    0.248883] NetLabel:  domain hash size = 128
[    0.249672] NetLabel:  protocols = UNLABELED CIPSOv4 CALIPSO
[    0.250712] NetLabel:  unlabeled traffic allowed by default
[    0.252072] clocksource: Switched to clocksource kvm-clock
[    0.261822] VFS: Disk quotas dquot_6.6.0
[    0.262516] VFS: Dquot-cache hash table entries: 512 (order 0, 4096 bytes)
[    0.263647] AppArmor: AppArmor Filesystem Enabled
[    0.264432] pnp: PnP ACPI init
[    0.265940] pnp: PnP ACPI: found 3 devices
[    0.273884] clocksource: acpi_pm: mask: 0xffffff max_cycles: 0xffffff, max_idle_ns: 2085701024 ns
[    0.275093] NET: Registered protocol family 2
[    0.275763] IP idents hash table entries: 16384 (order: 5, 131072 bytes)
[    0.278726] TCP established hash table entries: 8192 (order: 4, 65536 bytes)
[    0.280078] TCP bind hash table entries: 8192 (order: 5, 131072 bytes)
[    0.281118] TCP: Hash tables configured (established 8192 bind 8192)
[    0.282176] UDP hash table entries: 512 (order: 2, 16384 bytes)
[    0.283106] UDP-Lite hash table entries: 512 (order: 2, 16384 bytes)
[    0.284141] NET: Registered protocol family 1
[    0.284875] pci 0000:00:00.0: Limiting direct PCI/PCI transfers
[    0.285813] pci 0000:00:01.0: Activating ISA DMA hang workarounds
[    0.286778] pci 0000:00:02.0: Video device with shadowed ROM at [mem 0x000c0000-0x000dffff]
[    0.288140] Unpacking initramfs...
[    0.514931] Freeing initrd memory: 19528K
[    0.515642] clocksource: tsc: mask: 0xffffffffffffffff max_cycles: 0x395fffb0368, max_idle_ns: 881590607502 ns
[    0.517112] platform rtc_cmos: registered platform RTC device (no PNP device found)
[    0.518388] Scanning for low memory corruption every 60 seconds
[    0.519837] Initialise system trusted keyrings
[    0.520557] Key type blacklist registered
[    0.521213] workingset: timestamp_bits=36 max_order=18 bucket_order=0
[    0.523058] zbud: loaded
[    0.523981] squashfs: version 4.0 (2009/01/31) Phillip Lougher
[    0.525080] fuse init (API version 7.26)
[    0.527312] Key type asymmetric registered
[    0.527944] Asymmetric key parser 'x509' registered
[    0.528713] Block layer SCSI generic (bsg) driver version 0.4 loaded (major 246)
[    0.530045] io scheduler noop registered
[    0.530719] io scheduler deadline registered
[    0.531392] io scheduler cfq registered (default)
[    0.532452] ACPI: AC Adapter [AC] (off-line)
[    0.533194] input: Power Button as /devices/LNXSYSTM:00/LNXPWRBN:00/input/input0
[    0.534435] ACPI: Power Button [PWRF]
[    0.535082] input: Sleep Button as /devices/LNXSYSTM:00/LNXSLPBN:00/input/input1
[    0.536340] ACPI: Sleep Button [SLPF]
[    0.537905] ACPI: Battery Slot [BAT0] (battery present)
[    0.538792] Serial: 8250/16550 driver, 32 ports, IRQ sharing enabled
[    0.560289] 00:02: ttyS0 at I/O 0x3f8 (irq = 4, base_baud = 115200) is a 16550A
[    0.563179] Linux agpgart interface v0.103
[    0.565120] loop: module loaded
[    0.566177] scsi host0: ata_piix
[    0.566830] scsi host1: ata_piix
[    0.567393] ata1: PATA max UDMA/33 cmd 0x1f0 ctl 0x3f6 bmdma 0xd000 irq 14
[    0.568584] ata2: PATA max UDMA/33 cmd 0x170 ctl 0x376 bmdma 0xd008 irq 15
[    0.569720] libphy: Fixed MDIO Bus: probed
[    0.570443] tun: Universal TUN/TAP device driver, 1.6
[    0.571311] PPP generic driver version 2.4.2
[    0.572044] ehci_hcd: USB 2.0 'Enhanced' Host Controller (EHCI) Driver
[    0.573154] ehci-pci: EHCI PCI platform driver
[    0.573941] ehci-platform: EHCI generic platform driver
[    0.574762] ohci_hcd: USB 1.1 'Open' Host Controller (OHCI) Driver
[    0.575814] ohci-pci: OHCI PCI platform driver
[    0.576620] ohci-platform: OHCI generic platform driver
[    0.577460] uhci_hcd: USB Universal Host Controller Interface driver
[    0.579591] i8042: PNP: PS/2 Controller [PNP0303:PS2K,PNP0f03:PS2M] at 0x60,0x64 irq 1,12
[    0.582135] serio: i8042 KBD port at 0x60,0x64 irq 1
[    0.582931] serio: i8042 AUX port at 0x60,0x64 irq 12
[    0.583910] mousedev: PS/2 mouse device common for all mice
[    0.585197] input: AT Translated Set 2 keyboard as /devices/platform/i8042/serio0/input/input2
[    0.586762] rtc_cmos rtc_cmos: rtc core: registered rtc_cmos as rtc0
[    0.587806] rtc_cmos rtc_cmos: alarms up to one day, 114 bytes nvram
[    0.588841] i2c /dev entries driver
[    0.589453] device-mapper: uevent: version 1.0.3
[    0.590256] device-mapper: ioctl: 4.37.0-ioctl (2017-09-20) initialised: dm-devel@redhat.com
[    0.591615] ledtrig-cpu: registered to indicate activity on CPUs
[    0.593111] NET: Registered protocol family 10
[    0.597906] Segment Routing with IPv6
[    0.598612] NET: Registered protocol family 17
[    0.599456] Key type dns_resolver registered
[    0.600329] mce: Using 0 MCE banks
[    0.600943] RAS: Correctable Errors collector initialized.
[    0.601863] sched_clock: Marking stable (600303183, 0)->(725483929, -125180746)
[    0.603492] registered taskstats version 1
[    0.604259] Loading compiled-in X.509 certificates
[    0.607123] Loaded X.509 cert 'Build time autogenerated kernel key: bf5768e0b2369bd53acb56866ca104cf5a2c379b'
[    0.609361] Loaded X.509 cert 'Canonical Ltd. Live Patch Signing: 14df34d1a87cf37625abec039ef2bf521249b969'
[    0.613264] Loaded X.509 cert 'Canonical Ltd. Kernel Module Signing: 88f752e560a1e0737e31163a466ad7b70a850c19'
[    0.614664] zswap: loaded using pool lzo/zbud
[    0.618738] Key type big_key registered
[    0.619617] Key type trusted registered
[    0.622429] Key type encrypted registered
[    0.623277] AppArmor: AppArmor sha1 policy hashing enabled
[    0.624528] ima: No TPM chip found, activating TPM-bypass! (rc=-19)
[    0.625918] ima: Allocated hash algorithm: sha1
[    0.626875] evm: HMAC attrs: 0x1
[    0.627689]   Magic number: 9:264:969
[    0.628585] rtc_cmos rtc_cmos: setting system clock to 2021-10-05 04:58:53 UTC (1633409933)
[    0.630316] BIOS EDD facility v0.16 2004-Jun-25, 0 devices found
[    0.631357] EDD information not available.
[    0.775954] Freeing unused kernel image memory: 2448K
[    1.140269] Write protecting the kernel read-only data: 20480k
[    1.175725] Freeing unused kernel image memory: 2008K
[    1.177077] Freeing unused kernel image memory: 1824K
[    1.184702] x86/mm: Checked W+X mappings: passed, no W+X pages found.
[    1.185891] x86/mm: Checking user space page tables
[    1.192994] x86/mm: Checked W+X mappings: passed, no W+X pages found.
Loading, please wait...
starting version 237
[    1.252121] Fusion MPT base driver 3.04.20
[    1.252975] Copyright (c) 1999-2008 LSI Corporation
[    1.257199] Fusion MPT SPI Host driver 3.04.20
[    1.258108] e1000: Intel(R) PRO/1000 Network Driver - version 7.3.21-k8-NAPI
[    1.259516] e1000: Copyright (c) 1999-2006 Intel Corporation.
[    1.264515] mptbase: ioc0: Initiating bringup
[    1.278771] AVX2 version of gcm_enc/dec engaged.
[    1.279643] AES CTR mode by8 optimization enabled
[    1.364726] ioc0: LSI53C1030 A0: Capabilities={Initiator}
[    1.480338] input: ImExPS/2 Generic Explorer Mouse as /devices/platform/i8042/serio1/input/input4
[    1.618684] scsi host2: ioc0: LSI53C1030 A0, FwRev=00000000h, Ports=1, MaxQ=256, IRQ=20
[    1.789765] scsi 2:0:0:0: Direct-Access     VBOX     HARDDISK         1.0  PQ: 0 ANSI: 5
[    1.824463] scsi target2:0:0: Beginning Domain Validation
[    1.861815] scsi target2:0:0: Domain Validation skipping write tests
[    1.863311] scsi target2:0:0: Ending Domain Validation
[    1.864818] scsi target2:0:0: asynchronous
[    1.895410] scsi 2:0:1:0: Direct-Access     VBOX     HARDDISK         1.0  PQ: 0 ANSI: 5
[    1.931277] scsi target2:0:1: Beginning Domain Validation
[    1.940663] random: fast init done
[    1.941491] scsi target2:0:1: Domain Validation skipping write tests
[    1.943063] scsi target2:0:1: Ending Domain Validation
[    1.944275] scsi target2:0:1: asynchronous
[    1.948538] sd 2:0:0:0: Attached scsi generic sg0 type 0
[    1.948577] random: systemd-udevd: uninitialized urandom read (16 bytes read)
[    1.950642] random: systemd-udevd: uninitialized urandom read (16 bytes read)
[    1.951839] random: systemd-udevd: uninitialized urandom read (16 bytes read)
[    1.951916] sd 2:0:1:0: Attached scsi generic sg1 type 0
[    1.953030] sd 2:0:0:0: [sda] 83886080 512-byte logical blocks: (42.9 GB/40.0 GiB)
[    1.956034] sd 2:0:0:0: [sda] Write Protect is off
[    1.956928] sd 2:0:1:0: [sdb] 20480 512-byte logical blocks: (10.5 MB/10.0 MiB)
[    1.958393] sd 2:0:1:0: [sdb] Write Protect is off
[    1.959294] sd 2:0:0:0: [sda] Incomplete mode parameter data
[    1.960388] sd 2:0:0:0: [sda] Assuming drive cache: write through
[    1.961584] sd 2:0:1:0: [sdb] Incomplete mode parameter data
[    1.962589] sd 2:0:1:0: [sdb] Assuming drive cache: write through
[    1.997526]  sda: sda1
[    1.998774] sd 2:0:0:0: [sda] Attached SCSI disk
[    2.212448] e1000 0000:00:03.0 eth0: (PCI:33MHz:32-bit) 02:2f:77:f1:0c:e0
[    2.326937] e1000 0000:00:03.0 eth0: Intel(R) PRO/1000 Network Connection
[    2.329070] e1000 0000:00:03.0 enp0s3: renamed from eth0
[    2.437218] sd 2:0:1:0: [sdb] Attached SCSI disk
Begin: Loading essential drivers ... [    4.776287] raid6: sse2x1   gen() 13084 MB/s
[    4.827830] raid6: sse2x1   xor() 10250 MB/s
[    4.877198] raid6: sse2x2   gen() 16719 MB/s
[    4.927967] raid6: sse2x2   xor() 11544 MB/s
[    4.984937] raid6: sse2x4   gen() 22038 MB/s
[    5.040132] raid6: sse2x4   xor() 12450 MB/s
[    5.100817] raid6: avx2x1   gen() 31867 MB/s
[    5.148253] raid6: avx2x1   xor() 17894 MB/s
[    5.203803] raid6: avx2x2   gen() 34129 MB/s
[    5.255751] raid6: avx2x2   xor() 21478 MB/s
[    5.315860] raid6: avx2x4   gen() 44684 MB/s
[    5.367911] raid6: avx2x4   xor() 18401 MB/s
[    5.368836] raid6: using algorithm avx2x4 gen() 44684 MB/s
[    5.369977] raid6: .... xor() 18401 MB/s, rmw enabled
[    5.370943] raid6: using avx2x2 recovery algorithm
[    5.373459] xor: automatically using best checksumming function   avx       
[    5.376246] async_tx: api initialized (async)
done.
Begin: Running /scripts/init-premount ... done.
Begin: Mounting root file system ... Begin: Running /scripts/local-top ... done.
Begin: Running /scripts/local-premount ... [    5.440992] Btrfs loaded, crc32c=crc32c-intel
Scanning for Btrfs filesystems
done.
Warning: fsck not present, so skipping root file system
[    5.512829] EXT4-fs (sda1): mounted filesystem with ordered data mode. Opts: (null)
done.
Begin: Running /scripts/local-bottom ... done.
Begin: Running /scripts/init-bottom ... done.
[    6.420109] random: crng init done
[    6.422370] random: 7 urandom warning(s) missed due to ratelimiting
[    7.137242] ip_tables: (C) 2000-2006 Netfilter Core Team
[    7.307292] systemd[1]: systemd 237 running in system mode. (+PAM +AUDIT +SELINUX +IMA +APPARMOR +SMACK +SYSVINIT +UTMP +LIBCRYPTSETUP +GCRYPT +GNUTLS +ACL +XZ +LZ4 +SECCOMP +BLKID +ELFUTILS +KMOD -IDN2 +IDN -PCRE2 default-hierarchy=hybrid)
[    7.319050] systemd[1]: Detected virtualization oracle.
[    7.322231] systemd[1]: Detected architecture x86-64.

Welcome to [1mUbuntu 18.04.6 LTS[0m!

[    7.409403] systemd[1]: Set hostname to <ubuntu>.
[    7.455338] systemd[1]: Initializing machine ID from random generator.
[    7.459175] systemd[1]: Installed transient /etc/machine-id file.
[    9.749498] systemd[1]: Started Forward Password Requests to Wall Directory Watch.
[[0;32m  OK  [0m] Started Forward Password Requests to Wall Directory Watch.
[    9.753479] systemd[1]: Reached target System Time Synchronized.
[[0;32m  OK  [0m] Reached target System Time Synchronized.
[    9.759321] systemd[1]: Created slice User and Session Slice.
[[0;32m  OK  [0m] Created slice User and Session Slice.
[    9.762141] systemd[1]: Set up automount Arbitrary Executable File Formats File System Automount Point.
[[0;32m  OK  [0m] Set up automount Arbitrary Executab…rmats File System Automount Point.
[[0;32m  OK  [0m] Reached target Swap.
[[0;32m  OK  [0m] Created slice System Slice.
[[0;32m  OK  [0m] Listening on LVM2 metadata daemon socket.
[[0;32m  OK  [0m] Listening on Journal Socket.
         Mounting POSIX Message Queue File System...
[[0;32m  OK  [0m] Created slice system-serial\x2dgetty.slice.
         Starting Load Kernel Modules...
[[0;32m  OK  [0m] Listening on Device-mapper event daemon FIFOs.
         Starting Monitoring of LVM2 mirrors…ng dmeventd or progress polling...
[[0;32m  OK  [0m] Listening on Journal Audit Socket.
[[0;32m  OK  [0m] Listening on udev Control Socket.
[[0;32m  OK  [0m] Listening on Network Service Netlink Socket.
         Starting Uncomplicated firewall...
[[0;32m  OK  [0m] Listening on LVM2 poll daemon socket.
[[0;32m  OK  [0m] Listening on fsck to fsckd communication Socket.
         Starting File System Check on Root Device...
[[0;32m  OK  [0m] Listening on udev Kernel Socket.
         Starting udev Coldplug all Devices...
[[0;32m  OK  [0m] Listening on /dev/initctl Compatibility Named Pipe.
         Mounting Kernel Debug File System...
         Mounting Huge Pages File System...
[    9.884587] Loading iSCSI transport class v2.0-870.
[[0;32m  OK  [0m] Listening on Journal Socket (/dev/log).
[[0;32m  OK  [0m] Listening on Syslog Socket.
         Starting Set the console keyboard layout...
         Starting Journal Service...
[[0;32m  OK  [0m] Reached target Slices.
[[0;32m  OK  [0m] Reached target User and Group Name Lookups.
         Starting Create list of required st…ce nodes for the current kernel...
[[0;32m  OK  [0m] Mounted POSIX Message Queue File System.
[[0;32m  OK  [0m] Started Uncomplicated firewall.
[    9.991556] iscsi: registered transport (tcp)
[[0;32m  OK  [0m] Mounted Kernel Debug File System.
[[0;32m  OK  [0m] Mounted Huge Pages File System.
[[0;32m  OK  [0m] Started File System Check Daemon to report status.
[[0;32m  OK  [0m] Started udev Coldplug all Devices.
[[0;32m  OK  [0m] Started File System Check on Root Device.
         Starting Remount Root and Kernel File Systems...
[[0;32m  OK  [0m] Started Create list of required sta…vice nodes for the current kernel.
         Starting Create Static Device Nodes in /dev...
[[0;32m  OK  [0m] Started Journal Service.
[   10.181524] iscsi: registered transport (iser)
[[0;32m  OK  [0m] Started Load Kernel Modules.
         Mounting FUSE Control File System...
         Mounting Kernel Configuration File System...
         Starting Apply Kernel Variables...
[[0;32m  OK  [0m] Mounted FUSE Control File System.
[[0;32m  OK  [0m] Mounted Kernel Configuration File System.
[   10.331519] EXT4-fs (sda1): re-mounted. Opts: (null)
[[0;32m  OK  [0m] Started Remount Root and Kernel File Systems.
         Starting Flush Journal to Persistent Storage...
         Starting Load/Save Random Seed...
[[0;32m  OK  [0m] Started Create Static Device Nodes in /dev.
[[0;32m  OK  [0m] Started LVM2 metadata daemon.
         Starting udev Kernel Device Manager...
[[0;32m  OK  [0m] Started Apply Kernel Variables.
[[0;32m  OK  [0m] Started Load/Save Random Seed.
[[0;32m  OK  [0m] Started Set the console keyboard layout.
[[0;32m  OK  [0m] Started Monitoring of LVM2 mirrors,…sing dmeventd or progress polling.
[[0;32m  OK  [0m] Reached target Local File Systems (Pre).
[[0;32m  OK  [0m] Reached target Local File Systems.
         Starting Tell Plymouth To Write Out Runtime Data...
         Starting Set console font and keymap...
         Starting ebtables ruleset management...
         Starting AppArmor initialization...
         Starting Commit a transient machine-id on disk...
[[0;32m  OK  [0m] Started udev Kernel Device Manager.
[[0;32m  OK  [0m] Started Dispatch Password Requests to Console Directory Watch.
[[0;32m  OK  [0m] Reached target Local Encrypted Volumes.
[[0;32m  OK  [0m] Started Flush Journal to Persistent Storage.
         Starting Create Volatile Files and Directories...
[[0;32m  OK  [0m] Started Tell Plymouth To Write Out Runtime Data.
[[0;32m  OK  [0m] Started Set console font and keymap.
[[0;32m  OK  [0m] Found device /dev/ttyS0.
[[0;32m  OK  [0m] Started Commit a transient machine-id on disk.
[[0;32m  OK  [0m] Started Create Volatile Files and Directories.
         Starting Update UTMP about System Boot/Shutdown...
[[0;32m  OK  [0m] Started Update UTMP about System Boot/Shutdown.
[[0;32m  OK  [0m] Started ebtables ruleset management.
[[0;32m  OK  [0m] Listening on Load/Save RF Kill Switch Status /dev/rfkill Watch.
[[0;32m  OK  [0m] Started AppArmor initialization.
         Starting Load AppArmor profiles managed internally by snapd...
         Starting Initial cloud-init job (pre-networking)...
[[0;32m  OK  [0m] Started Load AppArmor profiles managed internally by snapd.
[   16.498933] cloud-init[551]: Cloud-init v. 21.2-3-g899bfaa9-0ubuntu2~18.04.1 running 'init-local' at Tue, 05 Oct 2021 04:59:08 +0000. Up 15.82 seconds.
[[0;32m  OK  [0m] Started Initial cloud-init job (pre-networking).
[[0;32m  OK  [0m] Reached target Network (Pre).
         Starting Network Service...
[[0;32m  OK  [0m] Started Network Service.
         Starting Wait for Network to be Configured...
         Starting Network Name Resolution...
[[0;32m  OK  [0m] Started Network Name Resolution.
[[0;32m  OK  [0m] Reached target Network.
[[0;32m  OK  [0m] Reached target Host and Network Name Lookups.
[[0;32m  OK  [0m] Started Wait for Network to be Configured.
         Starting Initial cloud-init job (metadata service crawler)...
[   19.097429] cloud-init[663]: Cloud-init v. 21.2-3-g899bfaa9-0ubuntu2~18.04.1 running 'init' at Tue, 05 Oct 2021 04:59:11 +0000. Up 18.96 seconds.
[   19.098642] cloud-init[663]: ci-info: +++++++++++++++++++++++++++++++++++++Net device info++++++++++++++++++++++++++++++++++++++
[   19.099813] cloud-init[663]: ci-info: +--------+------+---------------------------+---------------+--------+-------------------+
[   19.101074] cloud-init[663]: ci-info: | Device |  Up  |          Address          |      Mask     | Scope  |     Hw-Address    |
[   19.102325] cloud-init[663]: ci-info: +--------+------+---------------------------+---------------+--------+-------------------+
[   19.103633] cloud-init[663]: ci-info: | enp0s3 | True |         10.0.2.15         | 255.255.255.0 | global | 02:2f:77:f1:0c:e0 |
[   19.104983] cloud-init[663]: ci-info: | enp0s3 | True | fe80::2f:77ff:fef1:ce0/64 |       .       |  link  | 02:2f:77:f1:0c:e0 |
[   19.106224] cloud-init[663]: ci-info: |   lo   | True |         127.0.0.1         |   255.0.0.0   |  host  |         .         |
[   19.107461] cloud-init[663]: ci-info: |   lo   | True |          ::1/128          |       .       |  host  |         .         |
[   19.108727] cloud-init[663]: ci-info: +--------+------+---------------------------+---------------+--------+-------------------+
[   19.110020] cloud-init[663]: ci-info: ++++++++++++++++++++++++++++Route IPv4 info+++++++++++++++++++++++++++++
[   19.111039] cloud-init[663]: ci-info: +-------+-------------+----------+-----------------+-----------+-------+
[   19.112161] cloud-init[663]: ci-info: | Route | Destination | Gateway  |     Genmask     | Interface | Flags |
[   19.113217] cloud-init[663]: ci-info: +-------+-------------+----------+-----------------+-----------+-------+
[   19.114249] cloud-init[663]: ci-info: |   0   |   0.0.0.0   | 10.0.2.2 |     0.0.0.0     |   enp0s3  |   UG  |
[   19.115393] cloud-init[663]: ci-info: |   1   |   10.0.2.0  | 0.0.0.0  |  255.255.255.0  |   enp0s3  |   U   |
[   19.116586] cloud-init[663]: ci-info: |   2   |   10.0.2.2  | 0.0.0.0  | 255.255.255.255 |   enp0s3  |   UH  |
[   19.117640] cloud-init[663]: ci-info: +-------+-------------+----------+-----------------+-----------+-------+
[   19.118640] cloud-init[663]: ci-info: +++++++++++++++++++Route IPv6 info+++++++++++++++++++
[   19.119563] cloud-init[663]: ci-info: +-------+-------------+---------+-----------+-------+
[   19.120541] cloud-init[663]: ci-info: | Route | Destination | Gateway | Interface | Flags |
[   19.121362] cloud-init[663]: ci-info: +-------+-------------+---------+-----------+-------+
[   19.122277] cloud-init[663]: ci-info: |   1   |  fe80::/64  |    ::   |   enp0s3  |   U   |
[   19.123178] cloud-init[663]: ci-info: |   3   |    local    |    ::   |   enp0s3  |   U   |
[   19.124163] cloud-init[663]: ci-info: |   4   |   ff00::/8  |    ::   |   enp0s3  |   U   |
[   19.125092] cloud-init[663]: ci-info: +-------+-------------+---------+-----------+-------+
[   23.469055] cloud-init[663]: Generating public/private rsa key pair.
[   23.470349] cloud-init[663]: Your identification has been saved in /etc/ssh/ssh_host_rsa_key.
[   23.484326] cloud-init[663]: Your public key has been saved in /etc/ssh/ssh_host_rsa_key.pub.
[   23.485404] cloud-init[663]: The key fingerprint is:
[   23.486111] cloud-init[663]: SHA256:hEVr16SqUxL1JcwYPcommzwzJnNVddyr5Blutqn3Pi8 root@ubuntu-bionic
[   23.487326] cloud-init[663]: The key's randomart image is:
[   23.488000] cloud-init[663]: +---[RSA 2048]----+
[   23.488649] cloud-init[663]: |       .=*..+... |
[   23.489200] cloud-init[663]: |       +.o** .. .|
[   23.489940] cloud-init[663]: |      o.+o+..   .|
[   23.490661] cloud-init[663]: |      .+=o   o . |
[   23.491360] cloud-init[663]: |     ..*S   + +  |
[   23.491974] cloud-init[663]: |    o X+     B   |
[   23.492651] cloud-init[663]: |     =o+    o o  |
[   23.493353] cloud-init[663]: |       .     +E. |
[   23.494023] cloud-init[663]: |           .o o++|
[   23.494692] cloud-init[663]: +----[SHA256]-----+
[   23.495384] cloud-init[663]: Generating public/private dsa key pair.
[   23.496772] cloud-init[663]: Your identification has been saved in /etc/ssh/ssh_host_dsa_key.
[   23.497948] cloud-init[663]: Your public key has been saved in /etc/ssh/ssh_host_dsa_key.pub.
[   23.498973] cloud-init[663]: The key fingerprint is:
[   23.499660] cloud-init[663]: SHA256:wzUwp9unaUDAPni3GZI2IifP2ZtYSn7dn5Sb/AEG2uw root@ubuntu-bionic
[   23.500878] cloud-init[663]: The key's randomart image is:
[   23.501616] cloud-init[663]: +---[DSA 1024]----+
[   23.512248] cloud-init[663]: |     .. o .      |
[   23.512887] cloud-init[663]: |      .. =       |
[   23.513552] cloud-init[663]: |     o .o +      |
[   23.514215] cloud-init[663]: |  o + OooB o     |
[   23.514866] cloud-init[663]: |   * * =S++ +    |
[   23.515533] cloud-init[663]: |    = o o+ = o   |
[   23.516207] cloud-init[663]: |   o + + .E o .  |
[   23.516858] cloud-init[663]: |    + + ...o + . |
[   23.528876] cloud-init[663]: |     .     .*..  |
[   23.529570] cloud-init[663]: +----[SHA256]-----+
[   23.530259] cloud-init[663]: Generating public/private ecdsa key pair.
[   23.531193] cloud-init[663]: Your identification has been saved in /etc/ssh/ssh_host_ecdsa_key.
[   23.532506] cloud-init[663]: Your public key has been saved in /etc/ssh/ssh_host_ecdsa_key.pub.
[   23.533814] cloud-init[663]: The key fingerprint is:
[   23.534328] cloud-init[663]: SHA256:ZdTrMoYryFloBkHFyQ2Ljgvk9AFEio21o6YhZbgg02k root@ubuntu-bionic
[   23.535166] cloud-init[663]: The key's randomart image is:
[   23.535687] cloud-init[663]: +---[ECDSA 256]---+
[   23.536230] cloud-init[663]: |o=o+o+    ..     |
[   23.536730] cloud-init[663]: |o*o++..  .  .    |
[   23.537454] cloud-init[663]: |OoEo.     o  .   |
[   23.538144] cloud-init[663]: |*Xo..    o  .    |
[   23.538722] cloud-init[663]: |Bo.o .  S. .     |
[   23.539223] cloud-init[663]: |=o  + . . + .    |
[   23.539908] cloud-init[663]: |o  + +   o o     |
[[0;32m  OK  [0m] Started Initial cloud-init job (metadata service crawler).
[[0;32m  OK  [0m] Reached target System Initialization.
[[0;32m  OK  [0m] Listening on D-Bus System Message Bus Socket.
[   23.558149] cloud-init[663]: |    + . .        |
[   23.560691] cloud-init[663]: |       .         |
[   23.561401] cloud-init[663]: +----[SHA256]-----+
[[0;32m  OK  [0m] Started Discard unused blocks once a week.
[   23.572780] [[0;32m  OK  [0m] Started Daily Cleanup of Temporary Directories.
cloud-init[663]: Generating public/private ed25519 key pair.         Starting Socket activation for snappy daemon.

[   23.574538] cloud-init[663]: Your identification has been saved in /etc/ssh/ssh_host_ed25519_key.
[   23.577575] cloud-init[663]: Your public key has been saved in /etc/ssh/ssh_host_ed25519_key.pub.
[   23.578620] cloud-init[663]: The key fingerprint is:
         Starting LXD - unix socket.
[   23.589140] [[0;32m  OK  [0m] Listening on UUID daemon activation socket.
[[0;32m  OK  [0m] Started Message of the Day.
[[0;32m  OK  [0m] Listening on ACPID Listen Socket.
[[0;32m  OK  [0m] Started Daily apt download activities.
[[0;32m  OK  [0m] Listening on Open-iSCSI iscsid Socket.
cloud-init[663]: SHA256:3TE8GStJ6r7RsVxY6ZLeqdWkbc+53kJAMhnyrXFuYxs root@ubuntu-bionic
[   23.593569] cloud-init[663]: The key's randomart image is:
[[0;32m  OK  [0m] Started ACPI Events Check.
[[0;32m  OK  [0m] Reached target Paths.
[   23.604768] [[0;32m  OK  [0m] Started Daily apt upgrade and clean activities.
[[0;32m  OK  [0m] Started Ubuntu Advantage update messaging.
[[0;32m  OK  [0m] Reached target Timers.
[[0;32m  OK  [0m] Reached target Cloud-config availability.
[[0;32m  OK  [0m] Reached target Network is Online.
cloud-init[663]: +--[ED25519 256]--+
[   23.607796] cloud-init[663]: |        . oo.    |
[   23.608457] cloud-init[663]: |         =++.=   |
[   23.609062] cloud-init[663]: |        . =+%    |
[   23.609689] cloud-init[663]: |       . . %.+   |
[   23.610238] [[0;32m  OK  [0m] Reached target Remote File Systems (Pre).
[[0;32m  OK  [0m] Reached target Remote File Systems.
cloud-init[663]:          Starting Availability of block devices...
[[0;32m  OK  [0m] Listening on Socket activation for snappy daemon.
[[0;32m  OK  [0m] Listening on LXD - unix socket.
[[0;32m  OK  [0m] Reached target Sockets.
[[0;32m  OK  [0m] Reached target Basic System.
|        S B E..  |
[   23.614823] cloud-init[663]: |       . + O X.  |
[   23.615519] cloud-init[663]: |        o = *.+  |
[   23.616297] cloud-init         Starting Dispatcher daemon for systemd-networkd...
[663]: |         o o ..oo|
[[0;32m  OK  [0m] Started irqbalance daemon.
         Starting LXD - container startup/shutdown...
[   23.622684] cloud-init[663]: |        . .   .==|         Starting Virtualbox guest utils...

[   23.625146] cloud-init[663]: +----[SHA256]-----+
         Starting LSB: Record successful boot for GRUB...
[[0;32m  OK  [0m] Started Deferred execution scheduler.
         Starting Permit User Sessions...
         Starting Login Service...
         Starting Accounts Service...
         Starting Snap Daemon...
[[0;32m  OK  [0m] Started FUSE filesystem for LXC.
         Starting Pollinate to seed the pseudo random number generator...
[[0;32m  OK  [0m] Started D-Bus System Message Bus.
         Starting LSB: automatic crash report generation...
[[0;32m  OK  [0m] Started Regular background program processing daemon.
         Starting System Logging Service...
[[0;32m  OK  [0m] Started Availability of block devices.
[[0;32m  OK  [0m] Started Permit User Sessions.
[[0;32m  OK  [0m] Started Login Service.
[[0;32m  OK  [0m] Started Unattended Upgrades Shutdown.
         Starting Terminate Plymouth Boot Screen...
         Starting Hold until boot process finishes up...
[[0;32m  OK  [0m] Started Hold until boot process finishes up.
[[0;32m  OK  [0m] Started Serial Getty on ttyS0.
         Starting Set console scheme...
[[0;32m  OK  [0m] Started Terminate Plymouth Boot Screen.
[[0;32m  OK  [0m] Started Set console scheme.
[[0;32m  OK  [0m] Created slice system-getty.slice.
[[0;32m  OK  [0m] Started Getty on tty1.
[[0;32m  OK  [0m] Reached target Login Prompts.
         Starting Authorization Manager...
[[0;32m  OK  [0m] Started LSB: automatic crash report generation.
[[0;32m  OK  [0m] Started LSB: Record successful boot for GRUB.
[[0;32m  OK  [0m] Started System Logging Service.
[[0;32m  OK  [0m] Started Authorization Manager.
[[0;32m  OK  [0m] Started Accounts Service.
[[0;32m  OK  [0m] Started Virtualbox guest utils.
[[0;32m  OK  [0m] Started LXD - container startup/shutdown.
[[0;32m  OK  [0m] Started Dispatcher daemon for systemd-networkd.
[[0;32m  OK  [0m] Started Snap Daemon.
         Starting Wait until snapd is fully seeded...

Ubuntu 18.04.6 LTS ubuntu-bionic ttyS0

ubuntu-bionic login: [   34.787418] cloud-init[1346]: Cloud-init v. 21.2-3-g899bfaa9-0ubuntu2~18.04.1 running 'modules:config' at Tue, 05 Oct 2021 04:59:25 +0000. Up 32.42 seconds.
ci-info: no authorized SSH keys fingerprints found for user ubuntu.
<14>Oct  5 04:59:28 cloud-init: #############################################################
<14>Oct  5 04:59:28 cloud-init: -----BEGIN SSH HOST KEY FINGERPRINTS-----
<14>Oct  5 04:59:28 cloud-init: 1024 SHA256:wzUwp9unaUDAPni3GZI2IifP2ZtYSn7dn5Sb/AEG2uw root@ubuntu-bionic (DSA)
<14>Oct  5 04:59:28 cloud-init: 256 SHA256:ZdTrMoYryFloBkHFyQ2Ljgvk9AFEio21o6YhZbgg02k root@ubuntu-bionic (ECDSA)
<14>Oct  5 04:59:28 cloud-init: 256 SHA256:3TE8GStJ6r7RsVxY6ZLeqdWkbc+53kJAMhnyrXFuYxs root@ubuntu-bionic (ED25519)
<14>Oct  5 04:59:28 cloud-init: 2048 SHA256:hEVr16SqUxL1JcwYPcommzwzJnNVddyr5Blutqn3Pi8 root@ubuntu-bionic (RSA)
<14>Oct  5 04:59:28 cloud-init: -----END SSH HOST KEY FINGERPRINTS-----
<14>Oct  5 04:59:28 cloud-init: #############################################################
-----BEGIN SSH HOST KEY KEYS-----
ecdsa-sha2-nistp256 AAAAE2VjZHNhLXNoYTItbmlzdHAyNTYAAAAIbmlzdHAyNTYAAABBBLerXx62EQaPE6yM25Raw9BYRhWcOM1N4JAPyF9MOYsmvIP4ANSjU+HgpC+n6cjPd7C3SXhRsCTg/61U9T0JHME= root@ubuntu-bionic
ssh-ed25519 AAAAC3NzaC1lZDI1NTE5AAAAIBMpILHxjtiI68JLqpDT2sYzNz25DeaqUNR1de86XgQk root@ubuntu-bionic
ssh-rsa AAAAB3NzaC1yc2EAAAADAQABAAABAQDQGfKQFJ8Wf0leAK3t7ZPKeIsQHw3otAPWnsW1/vioBIGRB3GKxUfkovgv4+GUaxvjWJ4oncByrM1d13Is0nGldFzWA2dJyVG3xFVEEMqgLLeFEnMvMd1GEp/5e5LhzLQQVZFqyE9eDrcdyivLe/EeJBdFSB6xQnWbQVlW9x6R4I6e08kqZZPOp9OjNo/pElMHjdZvj9Is5x+omKGw043XfEghYyb2rg020kvTKNEdcfChOzyCqv6a6y63fVW3wjY8r9xYRUDRnrTsen+x5PlOR6g3+l+thKl3Rqt1vdZUXBNCvLmPwGB8yY+Uh9Zw3VGufApHGkano9pFEoGqGU9D root@ubuntu-bionic
-----END SSH HOST KEY KEYS-----
[   35.397693] cloud-init[1473]: Cloud-init v. 21.2-3-g899bfaa9-0ubuntu2~18.04.1 running 'modules:final' at Tue, 05 Oct 2021 04:59:28 +0000. Up 35.15 seconds.
[   35.399485] cloud-init[1473]: ci-info: no authorized SSH keys fingerprints found for user ubuntu.
[   35.401105] cloud-init[1473]: Cloud-init v. 21.2-3-g899bfaa9-0ubuntu2~18.04.1 finished at Tue, 05 Oct 2021 04:59:28 +0000. Datasource DataSourceNoCloud [seed=/dev/sdb][dsmode=net].  Up 35.38 seconds
